Unity Editor version:    2020.3.17f1 (a4537701e4ab)
Branch:                  2020.3/staging
Build type:              Release
Batch mode:              YES
macOS version:           Version 11.3.1 (Build 20E241)
Darwin version:          20.4.0
Architecture:            x86_64
Running under Rosetta:   NO
Available memory:        16384 MB
Using pre-set license
Pro License: NO

COMMAND LINE ARGUMENTS:
/Applications/Unity/Hub/Editor/2020.3.17f1/Unity.app/Contents/MacOS/Unity
-adb2
-batchMode
-noUpm
-name
AssetImportWorker0
-projectPath
/Users/cody/Documents/GitHub/BrainFlow-Unity-Package/BrainFlow
-logFile
Logs/AssetImportWorker0.log
-srvPort
49591
Successfully changed project path to: /Users/cody/Documents/GitHub/BrainFlow-Unity-Package/BrainFlow
/Users/cody/Documents/GitHub/BrainFlow-Unity-Package/BrainFlow
Using Asset Import Pipeline V2.
Refreshing native plugins compatible for Editor in 35.87 ms, found 2 plugins.
Preloading 0 native plugins for Editor in 0.00 ms.
Initialize engine version: 2020.3.17f1 (a4537701e4ab)
[Subsystems] Discovering subsystems at path /Applications/Unity/Hub/Editor/2020.3.17f1/Unity.app/Contents/Resources/UnitySubsystems
[Subsystems] Discovering subsystems at path /Users/cody/Documents/GitHub/BrainFlow-Unity-Package/BrainFlow/Assets
GfxDevice: creating device client; threaded=0
2021-09-04 19:33:11.460 Unity[13772:130502] iMac preferred device: AMD Radeon R9 M390 (high power)
2021-09-04 19:33:11.460 Unity[13772:130502] Metal devices available: 1
2021-09-04 19:33:11.460 Unity[13772:130502] 0: AMD Radeon R9 M390 (high power)
2021-09-04 19:33:11.460 Unity[13772:130502] Using device AMD Radeon R9 M390 (high power)
Initializing Metal device caps: AMD Radeon R9 M390
Initialize mono
Mono path[0] = '/Applications/Unity/Hub/Editor/2020.3.17f1/Unity.app/Contents/Managed'
Mono path[1] = '/Applications/Unity/Hub/Editor/2020.3.17f1/Unity.app/Contents/MonoBleedingEdge/lib/mono/unityjit'
Mono config path = '/Applications/Unity/Hub/Editor/2020.3.17f1/Unity.app/Contents/MonoBleedingEdge/etc'
Using monoOptions --debugger-agent=transport=dt_socket,embedding=1,server=y,suspend=n,address=127.0.0.1:56772
Begin MonoManager ReloadAssembly
Registering precompiled unity dll's ...
Register platform support module: /Applications/Unity/Hub/Editor/2020.3.17f1/Unity.app/Contents/PlaybackEngines/MacStandaloneSupport/UnityEditor.OSXStandalone.Extensions.dll
Registered in 0.000580 seconds.
Native extension for OSXStandalone target not found
Refreshing native plugins compatible for Editor in 31.60 ms, found 2 plugins.
Preloading 0 native plugins for Editor in 0.00 ms.
Mono: successfully reloaded assembly
- Completed reload, in  2.551 seconds
Domain Reload Profiling:
	ReloadAssembly (2551ms)
		BeginReloadAssembly (50ms)
			ExecutionOrderSort (0ms)
			DisableScriptedObjects (0ms)
			BackupInstance (0ms)
			ReleaseScriptingObjects (0ms)
			CreateAndSetChildDomain (1ms)
		EndReloadAssembly (555ms)
			LoadAssemblies (48ms)
			RebuildTransferFunctionScriptingTraits (0ms)
			SetupTypeCache (229ms)
			ReleaseScriptCaches (0ms)
			RebuildScriptCaches (48ms)
			SetupLoadedEditorAssemblies (214ms)
				LogAssemblyErrors (0ms)
				InitializePlatformSupportModulesInManaged (4ms)
				SetLoadedEditorAssemblies (0ms)
				RefreshPlugins (32ms)
				BeforeProcessingInitializeOnLoad (9ms)
				ProcessInitializeOnLoadAttributes (128ms)
				ProcessInitializeOnLoadMethodAttributes (39ms)
				AfterProcessingInitializeOnLoad (0ms)
				EditorAssembliesLoaded (0ms)
			ExecutionOrderSort2 (0ms)
			AwakeInstancesAfterBackupRestoration (0ms)
Platform modules already initialized, skipping
Registering precompiled user dll's ...
Registered in 0.003180 seconds.
Begin MonoManager ReloadAssembly
Native extension for OSXStandalone target not found
Refreshing native plugins compatible for Editor in 0.34 ms, found 2 plugins.
Preloading 0 native plugins for Editor in 0.00 ms.
Mono: successfully reloaded assembly
- Completed reload, in  1.408 seconds
Domain Reload Profiling:
	ReloadAssembly (1409ms)
		BeginReloadAssembly (190ms)
			ExecutionOrderSort (0ms)
			DisableScriptedObjects (6ms)
			BackupInstance (0ms)
			ReleaseScriptingObjects (0ms)
			CreateAndSetChildDomain (38ms)
		EndReloadAssembly (1140ms)
			LoadAssemblies (88ms)
			RebuildTransferFunctionScriptingTraits (0ms)
			SetupTypeCache (396ms)
			ReleaseScriptCaches (0ms)
			RebuildScriptCaches (61ms)
			SetupLoadedEditorAssemblies (450ms)
				LogAssemblyErrors (0ms)
				InitializePlatformSupportModulesInManaged (6ms)
				SetLoadedEditorAssemblies (1ms)
				RefreshPlugins (0ms)
				BeforeProcessingInitializeOnLoad (60ms)
				ProcessInitializeOnLoadAttributes (376ms)
				ProcessInitializeOnLoadMethodAttributes (5ms)
				AfterProcessingInitializeOnLoad (2ms)
				EditorAssembliesLoaded (0ms)
			ExecutionOrderSort2 (0ms)
			AwakeInstancesAfterBackupRestoration (9ms)
Platform modules already initialized, skipping
Validating Project structure ... 0.001616 seconds.
Shader import version has changed; will reimport all shaders...
Upgrading shader files ...0.019049 seconds.
Application.AssetDatabase Initial Script Refresh Start
RefreshInfo: InitialScriptRefreshV2(NoUpdateAssetOptions) scanfilter:  ... 1 filters
RefreshProfiler: Total: 0.000ms
Application.AssetDatabase Initial Script Refresh End
Application.AssetDatabase.Refresh Start
Application.AssetDatabase.Refresh End
RefreshInfo: StopAssetImportingV2(ForceSynchronousImport) scanfilter: 
RefreshProfiler: Total: 0.000ms
Launching external process: /Applications/Unity/Hub/Editor/2020.3.17f1/Unity.app/Contents/Tools/UnityShaderCompiler
Launched and connected shader compiler UnityShaderCompiler after 0.02 seconds
Initializing Unity extensions:
[C# Project] Writing /Users/cody/Documents/GitHub/BrainFlow-Unity-Package/BrainFlow/BrainFlow.sln because it has changed
[C# Project] First difference on line 4

[C# Project] Current /Users/cody/Documents/GitHub/BrainFlow-Unity-Package/BrainFlow/BrainFlow.sln:
[C# Project]   004: Project("{FAE04EC0-301F-11D3-BF4B-00C04F79EFBC}") = "Assembly-CSharp", "Assembly-CSharp.csproj", "{fca494f7-04fd-8f74-ac80-49195857b033}"
[C# Project]   005: EndProject
[C# Project]   006: Project("{FAE04EC0-301F-11D3-BF4B-00C04F79EFBC}") = "Assembly-CSharp-Editor", "Assembly-CSharp-Editor.csproj", "{e23d8dd2-cb96-e2c5-5f60-5d527526e2e7}"
[C# Project]   007: EndProject
[C# Project]   008: Global

[C# Project] New /Users/cody/Documents/GitHub/BrainFlow-Unity-Package/BrainFlow/BrainFlow.sln:
[C# Project]   004: Project("{FAE04EC0-301F-11D3-BF4B-00C04F79EFBC}") = "UnityEngine.UI", "UnityEngine.UI.csproj", "{3014BB0F-8EAB-817C-6ED3-A159238F0B22}"
[C# Project]   005: EndProject
[C# Project]   006: Project("{FAE04EC0-301F-11D3-BF4B-00C04F79EFBC}") = "UnityEngine.TestRunner", "UnityEngine.TestRunner.csproj", "{83B0C855-0B35-9A6D-1C41-D9A25E448A57}"
[C# Project]   007: EndProject
[C# Project]   008: Project("{FAE04EC0-301F-11D3-BF4B-00C04F79EFBC}") = "UnityEngine.UI.Tests", "UnityEngine.UI.Tests.csproj", "{AF191F8C-9EE2-F6BA-06A0-2C5B6A3E6135}"
[C# Project] Writing /Users/cody/Documents/GitHub/BrainFlow-Unity-Package/BrainFlow/Assembly-CSharp.csproj because it has changed
[C# Project] First difference on line 5

[C# Project] Current /Users/cody/Documents/GitHub/BrainFlow-Unity-Package/BrainFlow/Assembly-CSharp.csproj:
[C# Project]   005:     <_TargetFrameworkDirectories>non_empty_path_generated_by_unity.rider.package</_TargetFrameworkDirectories>
[C# Project]   006:     <_FullFrameworkReferenceAssemblyPaths>non_empty_path_generated_by_unity.rider.package</_FullFrameworkReferenceAssemblyPaths>
[C# Project]   007:     <DisableHandlePackageFileConflicts>true</DisableHandlePackageFileConflicts>
[C# Project]   008:   <CodeAnalysisRuleSet></CodeAnalysisRuleSet>
[C# Project]   009:   </PropertyGroup>

[C# Project] New /Users/cody/Documents/GitHub/BrainFlow-Unity-Package/BrainFlow/Assembly-CSharp.csproj:
[C# Project]   005:     <CscToolPath>/Applications/Unity/Hub/Editor/2020.3.17f1/Unity.app/Contents/Tools/RoslynScripts</CscToolPath>
[C# Project]   006:     <CscToolExe>unity_csc.sh</CscToolExe>
[C# Project]   007:   </PropertyGroup>
[C# Project]   008:   <PropertyGroup>
[C# Project]   009:     <Configuration Condition=" '$(Configuration)' == '' ">Debug</Configuration>
[C# Project] Writing /Users/cody/Documents/GitHub/BrainFlow-Unity-Package/BrainFlow/Assembly-CSharp-Editor.csproj because it has changed
[C# Project] First difference on line 5

[C# Project] Current /Users/cody/Documents/GitHub/BrainFlow-Unity-Package/BrainFlow/Assembly-CSharp-Editor.csproj:
[C# Project]   005:     <_TargetFrameworkDirectories>non_empty_path_generated_by_unity.rider.package</_TargetFrameworkDirectories>
[C# Project]   006:     <_FullFrameworkReferenceAssemblyPaths>non_empty_path_generated_by_unity.rider.package</_FullFrameworkReferenceAssemblyPaths>
[C# Project]   007:     <DisableHandlePackageFileConflicts>true</DisableHandlePackageFileConflicts>
[C# Project]   008:   <CodeAnalysisRuleSet></CodeAnalysisRuleSet>
[C# Project]   009:   </PropertyGroup>

[C# Project] New /Users/cody/Documents/GitHub/BrainFlow-Unity-Package/BrainFlow/Assembly-CSharp-Editor.csproj:
[C# Project]   005:     <CscToolPath>/Applications/Unity/Hub/Editor/2020.3.17f1/Unity.app/Contents/Tools/RoslynScripts</CscToolPath>
[C# Project]   006:     <CscToolExe>unity_csc.sh</CscToolExe>
[C# Project]   007:   </PropertyGroup>
[C# Project]   008:   <PropertyGroup>
[C# Project]   009:     <Configuration Condition=" '$(Configuration)' == '' ">Debug</Configuration>
========================================================================
Worker process is ready to serve import requests
Refreshing native plugins compatible for Editor in 0.29 ms, found 2 plugins.
Preloading 0 native plugins for Editor in 0.00 ms.
Unloading 1425 Unused Serialized files (Serialized files now loaded: 0)
System memory in use before: 162.6 MB.
System memory in use after: 161.8 MB.

Unloading 86 unused Assets to reduce memory usage. Loaded Objects now: 1897.
Total: 3.455637 ms (FindLiveObjects: 0.162825 ms CreateObjectMapping: 0.048736 ms MarkObjects: 2.744251 ms  DeleteObjects: 0.499058 ms)

AssetImportParameters requested are different than current active one (requested -> active):
  custom:video-decoder-ogg-theora: a1e56fd34408186e4bbccfd4996cb3dc -> 
  custom:container-muxer-webm: aa71ff27fc2769a1b78a27578f13a17b -> 
  custom:container-demuxer-webm: 4f35f7cbe854078d1ac9338744f61a02 -> 
  custom:container-demuxer-ogg: 62fdf1f143b41e24485cea50d1cbac27 -> 
  custom:video-encoder-webm-vp8: eb34c28f22e8b96e1ab97ce403110664 -> 
  custom:framework-osx-AVFoundation: e770b220cccbd017edd2c1fefb359320 -> 
  custom:video-decoder-webm-vp8: 9c59270c3fd7afecdb556c50c9e8de78 -> 
  custom:audio-decoder-ogg-vorbis: bf7c407c2cedff20999df2af8eb42d56 -> 
  custom:audio-encoder-webm-vorbis: bf7c407c2cedff20999df2af8eb42d56 -> 
========================================================================
Received Import Request.
  path: Assets/BrainFlowToolbox/BrainFlowSessionProfile.asset
  artifactKey: Guid(7386b6a3896a14f4d9e26f39b4556a27) Importer(815301076,1909f56bfc062723c751e8b465ee728b)
Start importing Assets/BrainFlowToolbox/BrainFlowSessionProfile.asset using Guid(7386b6a3896a14f4d9e26f39b4556a27) Importer(815301076,1909f56bfc062723c751e8b465ee728b)  -> (artifact id: '17938477b65d8810a9f5a4a201a4f4de') in 1.350080 seconds 
  Import took 1.354065 seconds .

========================================================================
Received Prepare
Refreshing native plugins compatible for Editor in 6.32 ms, found 2 plugins.
Preloading 0 native plugins for Editor in 0.00 ms.
Unloading 12 Unused Serialized files (Serialized files now loaded: 0)
System memory in use before: 136.5 MB.
System memory in use after: 136.7 MB.

Unloading 12 unused Assets to reduce memory usage. Loaded Objects now: 1897.
Total: 3.945919 ms (FindLiveObjects: 0.152162 ms CreateObjectMapping: 0.045172 ms MarkObjects: 3.733680 ms  DeleteObjects: 0.014155 ms)

AssetImportParameters requested are different than current active one (requested -> active):
  custom:video-decoder-ogg-theora: a1e56fd34408186e4bbccfd4996cb3dc -> 
  custom:container-muxer-webm: aa71ff27fc2769a1b78a27578f13a17b -> 
  custom:container-demuxer-webm: 4f35f7cbe854078d1ac9338744f61a02 -> 
  custom:container-demuxer-ogg: 62fdf1f143b41e24485cea50d1cbac27 -> 
  custom:video-encoder-webm-vp8: eb34c28f22e8b96e1ab97ce403110664 -> 
  custom:framework-osx-AVFoundation: e770b220cccbd017edd2c1fefb359320 -> 
  custom:video-decoder-webm-vp8: 9c59270c3fd7afecdb556c50c9e8de78 -> 
  custom:audio-decoder-ogg-vorbis: bf7c407c2cedff20999df2af8eb42d56 -> 
  custom:audio-encoder-webm-vorbis: bf7c407c2cedff20999df2af8eb42d56 -> 
